[    1405ms] [WARNING] AI (Internal): 505 message:"Browser does not support local storage. Session durations will be inaccurate." @ https://res.public.onecdn.static.microsoft/midgard/versionless-v2/officestartbundles/vendors-app.fffa6b0bb2e8b899.chunk.js:1
[    1422ms] [WARNING] An iframe which has both allow-scripts and allow-same-origin for its sandbox attribute can escape its sandboxing. @ https://res.public.onecdn.static.microsoft/midgard/versionless-v2/officestartbundles/vendors-msal.7efea2ce4ebcf2f7.chunk.js:1
[    1504ms] [ERROR] Failed to load resource: the server responded with a status of 404 (Not Found) @ https://m365.cloud.microsoft/api/userstorage/AppBarUserData/?workload=officehomereact&auth=2:0
[    1788ms] [ERROR] Failed to load resource: the server responded with a status of 404 (Not Found) @ https://m365.cloud.microsoft/api/userstorage/ThemeMode/?workload=officehomereact&auth=2:0
[    1976ms] [WARNING] An iframe which has both allow-scripts and allow-same-origin for its sandbox attribute can escape its sandboxing. @ https://m365.cloud.microsoft/spalanding#code=1.AXUA3-0Qsa4jfEWm83NNWSsoR1tEZUfGMrBJg-Ydk3ZSdsoAAFt1AA.BQABBAIAAAADAOz_BQD0_0V2b1N0c0FydGlmYWN0cwIAAAAAAH6SbXHlxA8-r6u8H7DLL6hA4Uv-Ns7IS_wT2Xma7--jyllcnFY-RFKsU3v5Yy0vDgVTVKts1LbvjDvTm-70CZUaquM-6QqNWv9G1PuA0C7TB22F35TBzRvIzSNdN0kw50yHqCWA0EsOfrlAOPv8ACIw9S67uV2I6YzeK2lxD5cGjmFO0VkVyhKcaYc5Ey5OXuhJsSrqXcZ7MlYl884o1Dc0xEoUO6lJw2agFIjdhuxV5LVIgFcAr7Nh-3QKA-1uYxnbURyfqH5Us_GvuO-WbsnnrbRzbL-reV4H4u4XoHNcgoxOxNOxDQitgJVt_LQcTi9rgLM-yGnzmOgYzZheXNWjVFv7y4SGnf8OeqNXnnFMRi-lpKRucHoGEwfNNAzQAPijZQLAOrJ93ygOr1mJvXeauhHuQz1LoljvIW1wy7RqF3x9WPCaFRX1lnrno5gTtlB4gqo9OIwj_u0qyWhaEi4z18fzh0f7da75NJuYTUQpNEYOYRFHfEIqT4VDjWiHYwyMCYRG6-pl2qfGRVjhzj2CtEwqoCjM6VS7a-cq7AzjHJojQfLaWtfqApX5baMXtpLohnbfM69B4OfeUy2tkXEmkUVNWebur_ve2kqqzuNQ5uba4OxRqveIjyWBNm2Q_mMM8z0Bmjtjncxewamz8JWFBMRrM7c2pYl1LW-gjnzGNyelq0WOeh2vi6i8XXrYx_e8NNQyGoBUuoSYE7s31XsFxvZqGquTZ1Q6XUes6OQu3CJabC-CM5O-S4DnQ9CZVu-GpGfYbjmgSc20Qwg4ePDum0rghaWzEuKAGce7kpO5OJW9VqSJNJpodYk2zN0P0JkxZUmj7PYzE2-AHEnKZ-037jjGEzO__gXoTHecAv4d4EMQng7nf_Mvn7aZp0_HlWcIWo5nP7QNxbqA5yC0dzN3weZOdRuKRcYNwJFxeOzFB8n9kiaeu5C7ABO5jsG_JLK9EmZRMGxWhrsk_DoZXVEKZHJ8dEMHKwDy707cDBYIkVGaXNJpXdzxW5ODostbJE__FATUkMZi221V24eX5He8vBbM50QVebNrfvCqsy5LBUSH94TV_fchgQ9YTs_GVoOzYKwIdVznbRZWlaBIGK_j05_1y_E6vEAwi65MuOsn4fYpHbLsesNnOZ3T9IfO5XTN5BG55U99Ys51qeMgPu5CvLA3Rf54rH6StGkWANwAsv71ldbl5VXYBuzce99w-WXBpnSSTr7aboiZPiBEhca7Yv7FBqVtgwowVwQwzXpLppQ5lTN9Wg_xMaXcMVzLrm3O0GOUC2unK3Tk2gQ1kOZWaSdmUCHsijLDo-9x7oOBG6C00KqnEGImvtLIyGYAX7EGeiF3De0r8ktfhob3XvlN1Qc3Typdtzh8ahRAFpInd32v-5-2ODaSzhFJRFsY02l4i2N9RSKP5eN0w349LjcS5RZ_Wl-5q7fFQgITNrMqmrbFJh0DHJJZlYxEz9Kef7pxnlP4_7EGUAbMkOirLcYnnThnWz9wqWlLkoNC&client_info=eyJ1aWQiOiJiMWU4YTNkYi0xOTEyLTQwMjUtODhjYi0xOTliZjY4ODIzZjQiLCJ1dGlkIjoiYjExMGVkZGYtMjNhZS00NTdjLWE2ZjMtNzM0ZDU5MmIyODQ3In0&state=eyJpZCI6IjAxOWNiNDJlLTExZmEtNzk0NC1hMmU5LTU2ZWUyNzY4ZTJhMyIsIm1ldGEiOnsiaW50ZXJhY3Rpb25UeXBlIjoic2lsZW50In19&session_state=002e1cca-d19c-4906-8831-39150b955d54&correlation_id=019cb42e-11fa-7895-9112-53fb2dd1e6cf:0
[    4873ms] [WARNING] Some icons were re-registered. Applications should only call registerIcons for any given icon once. Redefining what an icon is may have unintended consequences. Duplicates include: 
ChevronDown, Edit, Add, Cancel, More, Mail, Filter, Share, FavoriteStar, CheckMark (+ 62 more) @ https://res.cdn.office.net/admincenter/admin-main/2026.2.23.3/floodgate.en.bundle.js:32
[   73476ms] TypeError: r?.hasAttribute is not a function
    at https://res.public.onecdn.static.microsoft/midgard/versionless-v2/dty-274d7ae9-e5e0-48eb-80db-f8daf26a8d1b-default-prod-m365chat-postload_52e9ff5cb84af8fdd2af.js:1:186604
    at Array.filter (<anonymous>)
    at https://res.public.onecdn.static.microsoft/midgard/versionless-v2/dty-274d7ae9-e5e0-48eb-80db-f8daf26a8d1b-default-prod-m365chat-postload_52e9ff5cb84af8fdd2af.js:1:186537
    at https://res.public.onecdn.static.microsoft/midgard/versionless-v2/dty-274d7ae9-e5e0-48eb-80db-f8daf26a8d1b-default-prod-m365chat-postload_52e9ff5cb84af8fdd2af.js:1:188187
    at MutationObserver.<anonymous> (https://res.public.onecdn.static.microsoft/midgard/versionless-v2/dty-274d7ae9-e5e0-48eb-80db-f8daf26a8d1b-default-prod-m365chat-postload_52e9ff5cb84af8fdd2af.js:1:188859)
[  601510ms] [ERROR] Refused to set unsafe header "Origin" @ https://res.public.onecdn.static.microsoft/midgard/versionless-v2/officestartbundles/vendors-app.fffa6b0bb2e8b899.chunk.js:1
[  727049ms] [WARNING] Unexpected exception sending payload. Ex:[object DOMException]: {} @ https://res.public.onecdn.static.microsoft/midgard/versionless-v2/officestartbundles/vendors-app.fffa6b0bb2e8b899.chunk.js:1
[  727923ms] [ERROR] Failed to load resource: the server responded with a status of 404 (Not Found) @ https://m365.cloud.microsoft/api/userstorage/AppBarUserData/?workload=officehomereact&auth=2:0
[  727933ms] [ERROR] Failed to load resource: the server responded with a status of 404 (Not Found) @ https://m365.cloud.microsoft/api/userstorage/ThemeMode/?workload=officehomereact&auth=2:0
[  741753ms] [ERROR] Failed to load resource: net::ERR_EMPTY_RESPONSE @ https://shellprod.msocdn.com/api/shellbootstrapper/business/oneshell:0
[  742605ms] [ERROR] Refused to set unsafe header "Origin" @ https://res.public.onecdn.static.microsoft/midgard/versionless-v2/dty-274d7ae9-e5e0-48eb-80db-f8daf26a8d1b-default-prod-2224_c05d0b4135861834d183.js:0
[  750366ms] [ERROR] Failed to load resource: the server responded with a status of 403 () @ https://noam.events.data.microsoft.com/OneCollector/1.0/?cors=true&content-type=application/x-json-stream&ext.intweb.msfpc=GUID%3Da78b7ba5f889423895d1d1f1a04e78ed%26HASH%3Da78b%26LV%3D202603%26V%3D4%26LU%3D1772466841215&w=0:0
[  820409ms] [WARNING] Some icons were re-registered. Applications should only call registerIcons for any given icon once. Redefining what an icon is may have unintended consequences. Duplicates include: 
ChevronDown, Edit, Add, Cancel, More, Mail, Filter, Share, FavoriteStar, CheckMark (+ 62 more) @ https://res.cdn.office.net/admincenter/admin-main/2026.2.23.3/floodgate.en.bundle.js:32
[ 1327641ms] [ERROR] Refused to set unsafe header "Origin" @ https://res.public.onecdn.static.microsoft/midgard/versionless-v2/officestartbundles/vendors-app.fffa6b0bb2e8b899.chunk.js:1
[ 1927638ms] [ERROR] Refused to set unsafe header "Origin" @ https://res.public.onecdn.static.microsoft/midgard/versionless-v2/officestartbundles/vendors-app.fffa6b0bb2e8b899.chunk.js:1
[ 2527643ms] [ERROR] Refused to set unsafe header "Origin" @ https://res.public.onecdn.static.microsoft/midgard/versionless-v2/officestartbundles/vendors-app.fffa6b0bb2e8b899.chunk.js:1
[ 3127638ms] [ERROR] Refused to set unsafe header "Origin" @ https://res.public.onecdn.static.microsoft/midgard/versionless-v2/officestartbundles/vendors-app.fffa6b0bb2e8b899.chunk.js:1
[ 3727642ms] [ERROR] Refused to set unsafe header "Origin" @ https://res.public.onecdn.static.microsoft/midgard/versionless-v2/officestartbundles/vendors-app.fffa6b0bb2e8b899.chunk.js:1
[ 4327636ms] [ERROR] Refused to set unsafe header "Origin" @ https://res.public.onecdn.static.microsoft/midgard/versionless-v2/officestartbundles/vendors-app.fffa6b0bb2e8b899.chunk.js:1
[ 4928031ms] [ERROR] Refused to set unsafe header "Origin" @ https://res.public.onecdn.static.microsoft/midgard/versionless-v2/officestartbundles/vendors-app.fffa6b0bb2e8b899.chunk.js:1
[ 5527640ms] [ERROR] Refused to set unsafe header "Origin" @ https://res.public.onecdn.static.microsoft/midgard/versionless-v2/officestartbundles/vendors-app.fffa6b0bb2e8b899.chunk.js:1
[ 6127642ms] [ERROR] Refused to set unsafe header "Origin" @ https://res.public.onecdn.static.microsoft/midgard/versionless-v2/officestartbundles/vendors-app.fffa6b0bb2e8b899.chunk.js:1
