[    1092ms] [ERROR] Failed to load resource: the server responded with a status of 404 () @ https://login.microsoftonline.com/favicon.ico:0
[   37323ms] [ERROR] Failed to load resource: the server responded with a status of 401 (Unauthorized) @ https://autologon.microsoftazuread-sso.com/premierinc.com/winauth/ssoprobe?client-request-id=006eef18-4359-4109-94be-61557b05fc9f&_=1772466873400:0
[   60784ms] [WARNING] AI (Internal): 505 message:"Browser does not support local storage. Session durations will be inaccurate." @ https://res.public.onecdn.static.microsoft/midgard/versionless-v2/officestartbundles/vendors-app.a36598901c1bee0c.chunk.js:1
[   60873ms] [ERROR] Failed to load resource: the server responded with a status of 404 (Not Found) @ https://m365.cloud.microsoft/api/userstorage/AppBarUserData/?workload=officehomereact&auth=2:0
[   60972ms] [ERROR] Failed to load resource: the server responded with a status of 404 (Not Found) @ https://m365.cloud.microsoft/api/userstorage/ThemeMode/?workload=officehomereact&auth=2:0
[   66744ms] [WARNING] The resource https://res.public.onecdn.static.microsoft/midgard/versionless-v2/dty-274d7ae9-e5e0-48eb-80db-f8daf26a8d1b-default-prod-m365chat_6cddca95f4bdaa892b59.js was preloaded using link preload but not used within a few seconds from the window's load event. Please make sure it has an appropriate `as` value and it is preloaded intentionally. @ https://m365.cloud.microsoft/chat?fromcode=cmmyr718qsb&auth=2:0
[   66744ms] [WARNING] The resource https://res.public.onecdn.static.microsoft/midgard/versionless-v2/dty-274d7ae9-e5e0-48eb-80db-f8daf26a8d1b-default-prod-m365chat_vendors_601414b302419bb80f6f.js was preloaded using link preload but not used within a few seconds from the window's load event. Please make sure it has an appropriate `as` value and it is preloaded intentionally. @ https://m365.cloud.microsoft/chat?fromcode=cmmyr718qsb&auth=2:0
[   66744ms] [WARNING] The resource https://res.public.onecdn.static.microsoft/midgard/versionless-v2/dty-274d7ae9-e5e0-48eb-80db-f8daf26a8d1b-default-prod-m365chat_common_vendors_1dca5f73fd01ac55633d.js was preloaded using link preload but not used within a few seconds from the window's load event. Please make sure it has an appropriate `as` value and it is preloaded intentionally. @ https://m365.cloud.microsoft/chat?fromcode=cmmyr718qsb&auth=2:0
[   66744ms] [WARNING] The resource https://res.public.onecdn.static.microsoft/midgard/versionless-v2/dty-274d7ae9-e5e0-48eb-80db-f8daf26a8d1b-default-prod-react-icons_4b5e6340672aeeff2ead.js was preloaded using link preload but not used within a few seconds from the window's load event. Please make sure it has an appropriate `as` value and it is preloaded intentionally. @ https://m365.cloud.microsoft/chat?fromcode=cmmyr718qsb&auth=2:0
[   66745ms] [WARNING] The resource https://res.public.onecdn.static.microsoft/midgard/2.20260218.48.0/dty-274d7ae9-e5e0-48eb-80db-f8daf26a8d1b-default-strings.js was preloaded using link preload but not used within a few seconds from the window's load event. Please make sure it has an appropriate `as` value and it is preloaded intentionally. @ https://m365.cloud.microsoft/chat?fromcode=cmmyr718qsb&auth=2:0
[   66745ms] [WARNING] The resource https://res.public.onecdn.static.microsoft/midgard/versionless-v2/dty-274d7ae9-e5e0-48eb-80db-f8daf26a8d1b-default-prod-metaos_sdk_2b76417659e1131ac8b7.js was preloaded using link preload but not used within a few seconds from the window's load event. Please make sure it has an appropriate `as` value and it is preloaded intentionally. @ https://m365.cloud.microsoft/chat?fromcode=cmmyr718qsb&auth=2:0
[   66745ms] [WARNING] The resource https://res.public.onecdn.static.microsoft/midgard/versionless-v2/dty-274d7ae9-e5e0-48eb-80db-f8daf26a8d1b-default-prod-microsoft_vendors_bfc9115f1cf931b193bf.js was preloaded using link preload but not used within a few seconds from the window's load event. Please make sure it has an appropriate `as` value and it is preloaded intentionally. @ https://m365.cloud.microsoft/chat?fromcode=cmmyr718qsb&auth=2:0
[   70124ms] [WARNING] The resource https://res.public.onecdn.static.microsoft/midgard/versionless-v2/dty-274d7ae9-e5e0-48eb-80db-f8daf26a8d1b-default-prod-m365chat_6cddca95f4bdaa892b59.js was preloaded using link preload but not used within a few seconds from the window's load event. Please make sure it has an appropriate `as` value and it is preloaded intentionally. @ https://m365.cloud.microsoft/chat?fromcode=cmmyr718qsb&auth=2:0
[   70124ms] [WARNING] The resource https://res.public.onecdn.static.microsoft/midgard/versionless-v2/dty-274d7ae9-e5e0-48eb-80db-f8daf26a8d1b-default-prod-m365chat_vendors_601414b302419bb80f6f.js was preloaded using link preload but not used within a few seconds from the window's load event. Please make sure it has an appropriate `as` value and it is preloaded intentionally. @ https://m365.cloud.microsoft/chat?fromcode=cmmyr718qsb&auth=2:0
[   70124ms] [WARNING] The resource https://res.public.onecdn.static.microsoft/midgard/versionless-v2/dty-274d7ae9-e5e0-48eb-80db-f8daf26a8d1b-default-prod-m365chat_common_vendors_1dca5f73fd01ac55633d.js was preloaded using link preload but not used within a few seconds from the window's load event. Please make sure it has an appropriate `as` value and it is preloaded intentionally. @ https://m365.cloud.microsoft/chat?fromcode=cmmyr718qsb&auth=2:0
[   70124ms] [WARNING] The resource https://res.public.onecdn.static.microsoft/midgard/versionless-v2/dty-274d7ae9-e5e0-48eb-80db-f8daf26a8d1b-default-prod-react-icons_4b5e6340672aeeff2ead.js was preloaded using link preload but not used within a few seconds from the window's load event. Please make sure it has an appropriate `as` value and it is preloaded intentionally. @ https://m365.cloud.microsoft/chat?fromcode=cmmyr718qsb&auth=2:0
[   70124ms] [WARNING] The resource https://res.public.onecdn.static.microsoft/midgard/2.20260218.48.0/dty-274d7ae9-e5e0-48eb-80db-f8daf26a8d1b-default-strings.js was preloaded using link preload but not used within a few seconds from the window's load event. Please make sure it has an appropriate `as` value and it is preloaded intentionally. @ https://m365.cloud.microsoft/chat?fromcode=cmmyr718qsb&auth=2:0
[   70124ms] [WARNING] The resource https://res.public.onecdn.static.microsoft/midgard/versionless-v2/dty-274d7ae9-e5e0-48eb-80db-f8daf26a8d1b-default-prod-metaos_sdk_2b76417659e1131ac8b7.js was preloaded using link preload but not used within a few seconds from the window's load event. Please make sure it has an appropriate `as` value and it is preloaded intentionally. @ https://m365.cloud.microsoft/chat?fromcode=cmmyr718qsb&auth=2:0
[   70124ms] [WARNING] The resource https://res.public.onecdn.static.microsoft/midgard/versionless-v2/dty-274d7ae9-e5e0-48eb-80db-f8daf26a8d1b-default-prod-microsoft_vendors_bfc9115f1cf931b193bf.js was preloaded using link preload but not used within a few seconds from the window's load event. Please make sure it has an appropriate `as` value and it is preloaded intentionally. @ https://m365.cloud.microsoft/chat?fromcode=cmmyr718qsb&auth=2:0
[   79938ms] [WARNING] The resource https://res.public.onecdn.static.microsoft/midgard/versionless-v2/dty-274d7ae9-e5e0-48eb-80db-f8daf26a8d1b-default-prod-m365chat_6cddca95f4bdaa892b59.js was preloaded using link preload but not used within a few seconds from the window's load event. Please make sure it has an appropriate `as` value and it is preloaded intentionally. @ https://m365.cloud.microsoft/chat?fromcode=cmmyr718qsb&auth=2:0
[   79939ms] [WARNING] The resource https://res.public.onecdn.static.microsoft/midgard/versionless-v2/dty-274d7ae9-e5e0-48eb-80db-f8daf26a8d1b-default-prod-m365chat_vendors_601414b302419bb80f6f.js was preloaded using link preload but not used within a few seconds from the window's load event. Please make sure it has an appropriate `as` value and it is preloaded intentionally. @ https://m365.cloud.microsoft/chat?fromcode=cmmyr718qsb&auth=2:0
[   79939ms] [WARNING] The resource https://res.public.onecdn.static.microsoft/midgard/versionless-v2/dty-274d7ae9-e5e0-48eb-80db-f8daf26a8d1b-default-prod-m365chat_common_vendors_1dca5f73fd01ac55633d.js was preloaded using link preload but not used within a few seconds from the window's load event. Please make sure it has an appropriate `as` value and it is preloaded intentionally. @ https://m365.cloud.microsoft/chat?fromcode=cmmyr718qsb&auth=2:0
[   79939ms] [WARNING] The resource https://res.public.onecdn.static.microsoft/midgard/versionless-v2/dty-274d7ae9-e5e0-48eb-80db-f8daf26a8d1b-default-prod-react-icons_4b5e6340672aeeff2ead.js was preloaded using link preload but not used within a few seconds from the window's load event. Please make sure it has an appropriate `as` value and it is preloaded intentionally. @ https://m365.cloud.microsoft/chat?fromcode=cmmyr718qsb&auth=2:0
[   79939ms] [WARNING] The resource https://res.public.onecdn.static.microsoft/midgard/2.20260218.48.0/dty-274d7ae9-e5e0-48eb-80db-f8daf26a8d1b-default-strings.js was preloaded using link preload but not used within a few seconds from the window's load event. Please make sure it has an appropriate `as` value and it is preloaded intentionally. @ https://m365.cloud.microsoft/chat?fromcode=cmmyr718qsb&auth=2:0
[   79939ms] [WARNING] The resource https://res.public.onecdn.static.microsoft/midgard/versionless-v2/dty-274d7ae9-e5e0-48eb-80db-f8daf26a8d1b-default-prod-metaos_sdk_2b76417659e1131ac8b7.js was preloaded using link preload but not used within a few seconds from the window's load event. Please make sure it has an appropriate `as` value and it is preloaded intentionally. @ https://m365.cloud.microsoft/chat?fromcode=cmmyr718qsb&auth=2:0
[   79939ms] [WARNING] The resource https://res.public.onecdn.static.microsoft/midgard/versionless-v2/dty-274d7ae9-e5e0-48eb-80db-f8daf26a8d1b-default-prod-microsoft_vendors_bfc9115f1cf931b193bf.js was preloaded using link preload but not used within a few seconds from the window's load event. Please make sure it has an appropriate `as` value and it is preloaded intentionally. @ https://m365.cloud.microsoft/chat?fromcode=cmmyr718qsb&auth=2:0
[   84809ms] [WARNING] The resource https://res.public.onecdn.static.microsoft/midgard/versionless-v2/dty-274d7ae9-e5e0-48eb-80db-f8daf26a8d1b-default-prod-m365chat_6cddca95f4bdaa892b59.js was preloaded using link preload but not used within a few seconds from the window's load event. Please make sure it has an appropriate `as` value and it is preloaded intentionally. @ https://m365.cloud.microsoft/chat?fromcode=cmmyr718qsb&auth=2:0
[   84809ms] [WARNING] The resource https://res.public.onecdn.static.microsoft/midgard/versionless-v2/dty-274d7ae9-e5e0-48eb-80db-f8daf26a8d1b-default-prod-m365chat_vendors_601414b302419bb80f6f.js was preloaded using link preload but not used within a few seconds from the window's load event. Please make sure it has an appropriate `as` value and it is preloaded intentionally. @ https://m365.cloud.microsoft/chat?fromcode=cmmyr718qsb&auth=2:0
[   84809ms] [WARNING] The resource https://res.public.onecdn.static.microsoft/midgard/versionless-v2/dty-274d7ae9-e5e0-48eb-80db-f8daf26a8d1b-default-prod-m365chat_common_vendors_1dca5f73fd01ac55633d.js was preloaded using link preload but not used within a few seconds from the window's load event. Please make sure it has an appropriate `as` value and it is preloaded intentionally. @ https://m365.cloud.microsoft/chat?fromcode=cmmyr718qsb&auth=2:0
[   84809ms] [WARNING] The resource https://res.public.onecdn.static.microsoft/midgard/versionless-v2/dty-274d7ae9-e5e0-48eb-80db-f8daf26a8d1b-default-prod-react-icons_4b5e6340672aeeff2ead.js was preloaded using link preload but not used within a few seconds from the window's load event. Please make sure it has an appropriate `as` value and it is preloaded intentionally. @ https://m365.cloud.microsoft/chat?fromcode=cmmyr718qsb&auth=2:0
[   84810ms] [WARNING] The resource https://res.public.onecdn.static.microsoft/midgard/2.20260218.48.0/dty-274d7ae9-e5e0-48eb-80db-f8daf26a8d1b-default-strings.js was preloaded using link preload but not used within a few seconds from the window's load event. Please make sure it has an appropriate `as` value and it is preloaded intentionally. @ https://m365.cloud.microsoft/chat?fromcode=cmmyr718qsb&auth=2:0
[   84810ms] [WARNING] The resource https://res.public.onecdn.static.microsoft/midgard/versionless-v2/dty-274d7ae9-e5e0-48eb-80db-f8daf26a8d1b-default-prod-metaos_sdk_2b76417659e1131ac8b7.js was preloaded using link preload but not used within a few seconds from the window's load event. Please make sure it has an appropriate `as` value and it is preloaded intentionally. @ https://m365.cloud.microsoft/chat?fromcode=cmmyr718qsb&auth=2:0
[   84810ms] [WARNING] The resource https://res.public.onecdn.static.microsoft/midgard/versionless-v2/dty-274d7ae9-e5e0-48eb-80db-f8daf26a8d1b-default-prod-microsoft_vendors_bfc9115f1cf931b193bf.js was preloaded using link preload but not used within a few seconds from the window's load event. Please make sure it has an appropriate `as` value and it is preloaded intentionally. @ https://m365.cloud.microsoft/chat?fromcode=cmmyr718qsb&auth=2:0
[   87297ms] [WARNING] Unexpected exception sending payload. Ex:[object DOMException]: {} @ https://res.public.onecdn.static.microsoft/midgard/versionless-v2/officestartbundles/vendors-app.a36598901c1bee0c.chunk.js:1
[   87754ms] [ERROR] Failed to load resource: the server responded with a status of 404 (Not Found) @ https://m365.cloud.microsoft/api/userstorage/AppBarUserData/?workload=officehomereact&auth=2:0
[   87769ms] [ERROR] Failed to load resource: the server responded with a status of 404 (Not Found) @ https://m365.cloud.microsoft/api/userstorage/ThemeMode/?workload=officehomereact&auth=2:0
[  121456ms] [ERROR] Refused to set unsafe header "Origin" @ https://res.public.onecdn.static.microsoft/midgard/versionless-v2/officestartbundles/vendors-app.a36598901c1bee0c.chunk.js:1
[  121457ms] [ERROR] Refused to set unsafe header "Origin" @ https://res.public.onecdn.static.microsoft/midgard/versionless-v2/officestartbundles/vendors-app.a36598901c1bee0c.chunk.js:1
[  199396ms] TypeError: r?.hasAttribute is not a function
    at https://res.public.onecdn.static.microsoft/midgard/versionless-v2/dty-274d7ae9-e5e0-48eb-80db-f8daf26a8d1b-default-prod-m365chat-postload_52e9ff5cb84af8fdd2af.js:1:186604
    at Array.filter (<anonymous>)
    at https://res.public.onecdn.static.microsoft/midgard/versionless-v2/dty-274d7ae9-e5e0-48eb-80db-f8daf26a8d1b-default-prod-m365chat-postload_52e9ff5cb84af8fdd2af.js:1:186537
    at https://res.public.onecdn.static.microsoft/midgard/versionless-v2/dty-274d7ae9-e5e0-48eb-80db-f8daf26a8d1b-default-prod-m365chat-postload_52e9ff5cb84af8fdd2af.js:1:188187
    at MutationObserver.<anonymous> (https://res.public.onecdn.static.microsoft/midgard/versionless-v2/dty-274d7ae9-e5e0-48eb-80db-f8daf26a8d1b-default-prod-m365chat-postload_52e9ff5cb84af8fdd2af.js:1:188859)
[  248717ms] [WARNING] Some icons were re-registered. Applications should only call registerIcons for any given icon once. Redefining what an icon is may have unintended consequences. Duplicates include: 
ChevronDown, Edit, Add, Cancel, More, Mail, Filter, Share, FavoriteStar, CheckMark (+ 62 more) @ https://res.cdn.office.net/admincenter/admin-main/2026.2.23.3/floodgate.en.bundle.js:32
[  409067ms] [ERROR] Refused to set unsafe header "Origin" @ https://res.public.onecdn.static.microsoft/midgard/versionless-v2/officestartbundles/vendors-app.a36598901c1bee0c.chunk.js:1
[  409067ms] [ERROR] Refused to set unsafe header "Origin" @ https://res.public.onecdn.static.microsoft/midgard/versionless-v2/officestartbundles/vendors-app.a36598901c1bee0c.chunk.js:1
[ 1009055ms] [ERROR] Refused to set unsafe header "Origin" @ https://res.public.onecdn.static.microsoft/midgard/versionless-v2/officestartbundles/vendors-app.a36598901c1bee0c.chunk.js:1
[ 1609053ms] [ERROR] Refused to set unsafe header "Origin" @ https://res.public.onecdn.static.microsoft/midgard/versionless-v2/officestartbundles/vendors-app.a36598901c1bee0c.chunk.js:1
[ 2209052ms] [ERROR] Refused to set unsafe header "Origin" @ https://res.public.onecdn.static.microsoft/midgard/versionless-v2/officestartbundles/vendors-app.a36598901c1bee0c.chunk.js:1
[ 2809057ms] [ERROR] Refused to set unsafe header "Origin" @ https://res.public.onecdn.static.microsoft/midgard/versionless-v2/officestartbundles/vendors-app.a36598901c1bee0c.chunk.js:1
[ 3409062ms] [ERROR] Refused to set unsafe header "Origin" @ https://res.public.onecdn.static.microsoft/midgard/versionless-v2/officestartbundles/vendors-app.a36598901c1bee0c.chunk.js:1
[ 4009383ms] [ERROR] Refused to set unsafe header "Origin" @ https://res.public.onecdn.static.microsoft/midgard/versionless-v2/officestartbundles/vendors-app.a36598901c1bee0c.chunk.js:1
[ 4609061ms] [ERROR] Refused to set unsafe header "Origin" @ https://res.public.onecdn.static.microsoft/midgard/versionless-v2/officestartbundles/vendors-app.a36598901c1bee0c.chunk.js:1
[ 4659603ms] TypeError: Cannot read properties of undefined (reading 'mostRecentGptIds')
    at https://res.public.onecdn.static.microsoft/midgard/versionless-v2/officestartbundles/app.497dc452bf19d5b7.chunk.js:1:152252
    at https://res.public.onecdn.static.microsoft/midgard/versionless-v2/officestartbundles/app.497dc452bf19d5b7.chunk.js:1:157031
    at r (https://res.public.onecdn.static.microsoft/midgard/versionless-v2/officestartbundles/app.497dc452bf19d5b7.chunk.js:1:167194)
    at Object.defaultInterceptor [as current] (https://res.public.onecdn.static.microsoft/midgard/versionless-v2/officestartbundles/app.497dc452bf19d5b7.chunk.js:1:167353)
    at https://res.public.onecdn.static.microsoft/midgard/versionless-v2/officestartbundles/vendors-app.a36598901c1bee0c.chunk.js:2:677451
    at Generator.next (<anonymous>)
    at https://res.public.onecdn.static.microsoft/midgard/versionless-v2/officestartbundles/vendors-app.a36598901c1bee0c.chunk.js:2:675180
    at new Promise (<anonymous>)
    at h (https://res.public.onecdn.static.microsoft/midgard/versionless-v2/officestartbundles/vendors-app.a36598901c1bee0c.chunk.js:2:674999)
    at w (https://res.public.onecdn.static.microsoft/midgard/versionless-v2/officestartbundles/vendors-app.a36598901c1bee0c.chunk.js:2:677366)
[ 5209062ms] [ERROR] Refused to set unsafe header "Origin" @ https://res.public.onecdn.static.microsoft/midgard/versionless-v2/officestartbundles/vendors-app.a36598901c1bee0c.chunk.js:1
[ 5809061ms] [ERROR] Refused to set unsafe header "Origin" @ https://res.public.onecdn.static.microsoft/midgard/versionless-v2/officestartbundles/vendors-app.a36598901c1bee0c.chunk.js:1
[ 6409059ms] [ERROR] Refused to set unsafe header "Origin" @ https://res.public.onecdn.static.microsoft/midgard/versionless-v2/officestartbundles/vendors-app.a36598901c1bee0c.chunk.js:1
[ 7009077ms] [ERROR] Refused to set unsafe header "Origin" @ https://res.public.onecdn.static.microsoft/midgard/versionless-v2/officestartbundles/vendors-app.a36598901c1bee0c.chunk.js:1
[ 7609066ms] [ERROR] Refused to set unsafe header "Origin" @ https://res.public.onecdn.static.microsoft/midgard/versionless-v2/officestartbundles/vendors-app.a36598901c1bee0c.chunk.js:1
