[     968ms] [WARNING] AI (Internal): 505 message:"Browser does not support local storage. Session durations will be inaccurate." @ https://res.public.onecdn.static.microsoft/midgard/versionless-v2/officestartbundles/vendors-app.9adc09015433570d.chunk.js:1
[     981ms] [WARNING] An iframe which has both allow-scripts and allow-same-origin for its sandbox attribute can escape its sandboxing. @ https://res.public.onecdn.static.microsoft/midgard/versionless-v2/officestartbundles/vendors-msal.7efea2ce4ebcf2f7.chunk.js:1
[    1356ms] [ERROR] Failed to load resource: the server responded with a status of 404 (Not Found) @ https://m365.cloud.microsoft/api/userstorage/AppBarUserData/?workload=officehomereact&auth=2:0
[    1365ms] [ERROR] Failed to load resource: the server responded with a status of 404 (Not Found) @ https://m365.cloud.microsoft/api/userstorage/ThemeMode/?workload=officehomereact&auth=2:0
[    1565ms] [WARNING] An iframe which has both allow-scripts and allow-same-origin for its sandbox attribute can escape its sandboxing. @ https://m365.cloud.microsoft/spalanding#code=1.AXUA3-0Qsa4jfEWm83NNWSsoR1tEZUfGMrBJg-Ydk3ZSdsoAAFt1AA.BQABBAIAAAADAOz_BQD0_0V2b1N0c0FydGlmYWN0cwIAAAAAAM6gI-72l8MyS8dzjfpSlkOC-me0Ym0Plen82GBO92OjarpDDu31EkmEmMqyyvOjInz_mfmPuj2ftcR6qoc7BpJfGe2zyG7YPfBHeWruwclMJm5LMDnv3ad8c8Dqbvh9J15SZgZnCFGjsbmOYfHf6yH9c7vdZC4ejXLG6Dxch6PR4go4vCC7ZnzyIDo3Y6HpdFjbza5KTaOFTj-t4kTybefgn-OrT_qQoET_Eka1Oi2rzOr9KFg1F4pHSi6VKRmFl3uQlu3wndwCPpiaIVfZRmH3TAXfcshks7NhxFSi9Cu4LPzp9OI4HQzr9wdXLPwK3DmF4OzNFPqt-Wj9RJGz-PTWiZ_0NgB-xv16n2BihKyW16F_5GCAHIfm_NNR8zApYz0CMOyc3TP-6Room9OkUMQArW-mtwlL4lmHeGu14MEHD_SdJHDc_6j8EwsD_NgtfxEJ0s0KKwn1_Iy9WHAZsvedyhuZME7iH9ZkfI7KjVE57JIe4dES-1U32ZwaBLp-Xtsxc8YYEO7PdEUIJZ2SoqZpOQlffGbe5ohfCj6ZILgm5_uXjlOBraM0Hv-wGS2Lgmen_zd6v-w8TjNoEGWyaK65-jsuZByTXeV8g86uXepat1u5B2zdiOJIzi4i1G32GT-vujSIltrAXmAj0PBIdDslFeny4ofZVmmHAlzh-x3OLf_CWA38pAQUP1vHbcOvLheoKWztx_jn7ICfyDFQt1je1OIZTm0tROMVwTpZF4BeX8yqmVf7tYFS8DswEPIfe6e03kWkN6QZDqB0aqHB_pbCDGzw9tw0s6K5ISH9ZxP9g2mNZh8k4p5Mc4xOLJuYQ92oXnokKfI0EIu8Z7-RdWB3n0v9XuE27j4hPCeyq-hzq9b157yMtjnZe2jI5TxHhXrGSxT8eM7v0iiTHfVtpUR72wTaMSv1iZQ3Pen7tZVcd8oTdKQdItH_U4Y7S0pNEy_WW6XHBgiz6ASe62DjuFtSMlO03W7LU2nY0bw6Vr67tR3f3QNN_F3bOXlOAiB92JYvWMh5LxTbDf-eVVl4U4eKslfMeHgkQtv6gD4cAcYIWfEBv5Rzulnn7bkE_GgZIgv8M2plfqyhXi1-Xo_Zez3195m46O8fijvrkwIKQQZSH6xaWbexdCl82BjgUfoG-O7NVZoBL-5MVEdpARctOxhKQluNlFwvT92JvK27c2JmHMjkJS9eK9aN655auplRrU7f4iTqhXsWvdXWZ5MhWaMnMsJtwQgIrD1H0JQHJV10g83lTNrozL3l-6U2tzg3uN__5akLAihErxJz75MJV_vJJCTEci0Ot6c-7tsMd1AKHSXjNrNZXA4JQmFQMCguCDX3g9mK2-9s4vlApEb1EHETDha52meigC4M0O1taNAu7FD8li7mYLbhLpbhfMR4_D6XY-IE_7fWmD7_RaUXFi-i5sbCvU3r20S1a3Dtvr-92kUkMRaSaFjgsjN0EwL8Bw2YUigpROW4puWIXIFo6GKV-e9qhVBL&client_info=eyJ1aWQiOiJiMWU4YTNkYi0xOTEyLTQwMjUtODhjYi0xOTliZjY4ODIzZjQiLCJ1dGlkIjoiYjExMGVkZGYtMjNhZS00NTdjLWE2ZjMtNzM0ZDU5MmIyODQ3In0&state=eyJpZCI6IjAxOWNiOWMzLTBjY2MtNzA5Yi1hNzIwLTE2OWI1MTRkZmNjYyIsIm1ldGEiOnsiaW50ZXJhY3Rpb25UeXBlIjoic2lsZW50In19&session_state=002e1cca-d19c-4906-8831-39150b955d54&correlation_id=019cb9c3-0ccc-7231-a3a2-538751eb3608:0
[    4025ms] [WARNING] Some icons were re-registered. Applications should only call registerIcons for any given icon once. Redefining what an icon is may have unintended consequences. Duplicates include: 
ChevronDown, Edit, Add, Cancel, More, Mail, Filter, Share, FavoriteStar, CheckMark (+ 62 more) @ https://res.cdn.office.net/admincenter/admin-main/2026.2.23.3/floodgate.en.bundle.js:32
[  191643ms] TypeError: r?.hasAttribute is not a function
    at https://res.public.onecdn.static.microsoft/midgard/versionless-v2/dty-274d7ae9-e5e0-48eb-80db-f8daf26a8d1b-default-prod-m365chat-postload_501377e8d304da494a4f.js:1:183147
    at Array.filter (<anonymous>)
    at https://res.public.onecdn.static.microsoft/midgard/versionless-v2/dty-274d7ae9-e5e0-48eb-80db-f8daf26a8d1b-default-prod-m365chat-postload_501377e8d304da494a4f.js:1:183080
    at https://res.public.onecdn.static.microsoft/midgard/versionless-v2/dty-274d7ae9-e5e0-48eb-80db-f8daf26a8d1b-default-prod-m365chat-postload_501377e8d304da494a4f.js:1:184730
    at MutationObserver.<anonymous> (https://res.public.onecdn.static.microsoft/midgard/versionless-v2/dty-274d7ae9-e5e0-48eb-80db-f8daf26a8d1b-default-prod-m365chat-postload_501377e8d304da494a4f.js:1:185402)
[  601072ms] [ERROR] Refused to set unsafe header "Origin" @ https://res.public.onecdn.static.microsoft/midgard/versionless-v2/officestartbundles/vendors-app.9adc09015433570d.chunk.js:1
[ 1201064ms] [ERROR] Refused to set unsafe header "Origin" @ https://res.public.onecdn.static.microsoft/midgard/versionless-v2/officestartbundles/vendors-app.9adc09015433570d.chunk.js:1
[ 1801066ms] [ERROR] Refused to set unsafe header "Origin" @ https://res.public.onecdn.static.microsoft/midgard/versionless-v2/officestartbundles/vendors-app.9adc09015433570d.chunk.js:1
[ 2401071ms] [ERROR] Refused to set unsafe header "Origin" @ https://res.public.onecdn.static.microsoft/midgard/versionless-v2/officestartbundles/vendors-app.9adc09015433570d.chunk.js:1
[ 3001074ms] [ERROR] Refused to set unsafe header "Origin" @ https://res.public.onecdn.static.microsoft/midgard/versionless-v2/officestartbundles/vendors-app.9adc09015433570d.chunk.js:1
[ 3601074ms] [ERROR] Refused to set unsafe header "Origin" @ https://res.public.onecdn.static.microsoft/midgard/versionless-v2/officestartbundles/vendors-app.9adc09015433570d.chunk.js:1
[ 4201074ms] [ERROR] Refused to set unsafe header "Origin" @ https://res.public.onecdn.static.microsoft/midgard/versionless-v2/officestartbundles/vendors-app.9adc09015433570d.chunk.js:1
[ 4801407ms] [ERROR] Refused to set unsafe header "Origin" @ https://res.public.onecdn.static.microsoft/midgard/versionless-v2/officestartbundles/vendors-app.9adc09015433570d.chunk.js:1
[ 5401074ms] [ERROR] Refused to set unsafe header "Origin" @ https://res.public.onecdn.static.microsoft/midgard/versionless-v2/officestartbundles/vendors-app.9adc09015433570d.chunk.js:1
