[    3382ms] [ERROR] Failed to load resource: the server responded with a status of 404 () @ https://login.microsoftonline.com/favicon.ico:0
[    4663ms] [WARNING] AI (Internal): 505 message:"Browser does not support local storage. Session durations will be inaccurate." @ https://res.public.onecdn.static.microsoft/midgard/versionless-v2/officestartbundles/vendors-app.9adc09015433570d.chunk.js:1
[    4785ms] [ERROR] Failed to load resource: the server responded with a status of 404 (Not Found) @ https://m365.cloud.microsoft/api/userstorage/AppBarUserData/?workload=officehomereact&auth=2:0
[    5029ms] [ERROR] Failed to load resource: the server responded with a status of 404 (Not Found) @ https://m365.cloud.microsoft/api/userstorage/ThemeMode/?workload=officehomereact&auth=2:0
[    5648ms] [ERROR] Failed to load resource: the server responded with a status of 429 (Too Many Requests) @ https://titles.prod.mos.microsoft.com/catalog/v1/users/modelproviders/enabled:0
[    7828ms] [WARNING] Unexpected exception sending payload. Ex:[object DOMException]: {} @ https://res.public.onecdn.static.microsoft/midgard/versionless-v2/officestartbundles/vendors-app.9adc09015433570d.chunk.js:1
[    8477ms] [ERROR] Failed to load resource: the server responded with a status of 404 (Not Found) @ https://m365.cloud.microsoft/api/userstorage/AppBarUserData/?workload=officehomereact&auth=2:0
[    8582ms] [ERROR] Failed to load resource: the server responded with a status of 404 (Not Found) @ https://m365.cloud.microsoft/api/userstorage/ThemeMode/?workload=officehomereact&auth=2:0
[   15531ms] [WARNING] Some icons were re-registered. Applications should only call registerIcons for any given icon once. Redefining what an icon is may have unintended consequences. Duplicates include: 
ChevronDown, Edit, Add, Cancel, More, Mail, Filter, Share, FavoriteStar, CheckMark (+ 62 more) @ https://res.cdn.office.net/admincenter/admin-main/2026.2.26.7/floodgate.en.bundle.js:32
[   39607ms] [ERROR] Access to XMLHttpRequest at 'https://browser.events.data.microsoft.com/OneCollector/1.0/?cors=true&content-type=application/x-json-stream&w=2' from origin 'https://m365.cloud.microsoft' has been blocked by CORS policy: No 'Access-Control-Allow-Origin' header is present on the requested resource. @ https://m365.cloud.microsoft/chat?auth=2:0
[   39608ms] [ERROR] Failed to load resource: net::ERR_FAILED @ https://browser.events.data.microsoft.com/OneCollector/1.0/?cors=true&content-type=application/x-json-stream&w=2:0
[   42098ms] [ERROR] Access to XMLHttpRequest at 'https://browser.events.data.microsoft.com/OneCollector/1.0/?cors=true&content-type=application/x-json-stream&w=2' from origin 'https://m365.cloud.microsoft' has been blocked by CORS policy: No 'Access-Control-Allow-Origin' header is present on the requested resource. @ https://m365.cloud.microsoft/chat?auth=2:0
[   42099ms] [ERROR] Failed to load resource: net::ERR_FAILED @ https://browser.events.data.microsoft.com/OneCollector/1.0/?cors=true&content-type=application/x-json-stream&w=2:0
[   44961ms] [ERROR] Access to XMLHttpRequest at 'https://browser.events.data.microsoft.com/OneCollector/1.0/?cors=true&content-type=application/x-json-stream&w=2' from origin 'https://m365.cloud.microsoft' has been blocked by CORS policy: No 'Access-Control-Allow-Origin' header is present on the requested resource. @ https://m365.cloud.microsoft/chat?auth=2:0
[   44961ms] [ERROR] Failed to load resource: net::ERR_FAILED @ https://browser.events.data.microsoft.com/OneCollector/1.0/?cors=true&content-type=application/x-json-stream&w=2:0
[   47386ms] [ERROR] Access to XMLHttpRequest at 'https://browser.pipe.aria.microsoft.com/Collector/3.0/?qsp=true&content-type=application%2Fbond-compact-binary&client-id=NO_AUTH&sdk-version=AWT-Web-JS-1.8.6&x-apikey=91e6bb9f0cc74e2d8c7f29478edfb940-0177707a-c79c-405a-802e-05ed1b85896a-6986&client-time-epoch-millis=1772719371310&time-delta-to-apply-millis=70' from origin 'https://m365.cloud.microsoft' has been blocked by CORS policy: No 'Access-Control-Allow-Origin' header is present on the requested resource. @ https://m365.cloud.microsoft/chat?auth=2:0
[   47386ms] [ERROR] Failed to load resource: net::ERR_FAILED @ https://browser.pipe.aria.microsoft.com/Collector/3.0/?qsp=true&content-type=application%2Fbond-compact-binary&client-id=NO_AUTH&sdk-version=AWT-Web-JS-1.8.6&x-apikey=91e6bb9f0cc74e2d8c7f29478edfb940-0177707a-c79c-405a-802e-05ed1b85896a-6986&client-time-epoch-millis=1772719371310&time-delta-to-apply-millis=70:0
[  111988ms] TypeError: r?.hasAttribute is not a function
    at https://res.public.onecdn.static.microsoft/midgard/versionless-v2/dty-274d7ae9-e5e0-48eb-80db-f8daf26a8d1b-default-prod-m365chat-postload_501377e8d304da494a4f.js:1:183147
    at Array.filter (<anonymous>)
    at https://res.public.onecdn.static.microsoft/midgard/versionless-v2/dty-274d7ae9-e5e0-48eb-80db-f8daf26a8d1b-default-prod-m365chat-postload_501377e8d304da494a4f.js:1:183080
    at https://res.public.onecdn.static.microsoft/midgard/versionless-v2/dty-274d7ae9-e5e0-48eb-80db-f8daf26a8d1b-default-prod-m365chat-postload_501377e8d304da494a4f.js:1:184730
    at MutationObserver.<anonymous> (https://res.public.onecdn.static.microsoft/midgard/versionless-v2/dty-274d7ae9-e5e0-48eb-80db-f8daf26a8d1b-default-prod-m365chat-postload_501377e8d304da494a4f.js:1:185402)
[  156205ms] TypeError: r?.hasAttribute is not a function
    at https://res.public.onecdn.static.microsoft/midgard/versionless-v2/dty-274d7ae9-e5e0-48eb-80db-f8daf26a8d1b-default-prod-m365chat-postload_501377e8d304da494a4f.js:1:183147
    at Array.filter (<anonymous>)
    at https://res.public.onecdn.static.microsoft/midgard/versionless-v2/dty-274d7ae9-e5e0-48eb-80db-f8daf26a8d1b-default-prod-m365chat-postload_501377e8d304da494a4f.js:1:183080
    at https://res.public.onecdn.static.microsoft/midgard/versionless-v2/dty-274d7ae9-e5e0-48eb-80db-f8daf26a8d1b-default-prod-m365chat-postload_501377e8d304da494a4f.js:1:184730
    at MutationObserver.<anonymous> (https://res.public.onecdn.static.microsoft/midgard/versionless-v2/dty-274d7ae9-e5e0-48eb-80db-f8daf26a8d1b-default-prod-m365chat-postload_501377e8d304da494a4f.js:1:185402)
[ 4327731ms] [WARNING] Unexpected exception sending payload. Ex:[object DOMException]: {} @ https://res.public.onecdn.static.microsoft/midgard/versionless-v2/officestartbundles/vendors-app.9adc09015433570d.chunk.js:1
[ 4328775ms] [WARNING] AI (Internal): 505 message:"Browser does not support local storage. Session durations will be inaccurate." @ https://res.public.onecdn.static.microsoft/midgard/versionless-v2/officestartbundles/vendors-app.9adc09015433570d.chunk.js:1
[ 4328812ms] [ERROR] Failed to load resource: the server responded with a status of 404 (Not Found) @ https://m365.cloud.microsoft/api/userstorage/AppBarUserData/?workload=officehomereact&auth=2:0
[ 4328826ms] [ERROR] Failed to load resource: the server responded with a status of 404 (Not Found) @ https://m365.cloud.microsoft/api/userstorage/ThemeMode/?workload=officehomereact&auth=2:0
[ 4336193ms] [WARNING] Some icons were re-registered. Applications should only call registerIcons for any given icon once. Redefining what an icon is may have unintended consequences. Duplicates include: 
ChevronDown, Edit, Add, Cancel, More, Mail, Filter, Share, FavoriteStar, CheckMark (+ 62 more) @ https://res.cdn.office.net/admincenter/admin-main/2026.2.26.7/floodgate.en.bundle.js:32
[ 4364023ms] TypeError: r?.hasAttribute is not a function
    at https://res.public.onecdn.static.microsoft/midgard/versionless-v2/dty-274d7ae9-e5e0-48eb-80db-f8daf26a8d1b-default-prod-m365chat-postload_501377e8d304da494a4f.js:1:183147
    at Array.filter (<anonymous>)
    at https://res.public.onecdn.static.microsoft/midgard/versionless-v2/dty-274d7ae9-e5e0-48eb-80db-f8daf26a8d1b-default-prod-m365chat-postload_501377e8d304da494a4f.js:1:183080
    at https://res.public.onecdn.static.microsoft/midgard/versionless-v2/dty-274d7ae9-e5e0-48eb-80db-f8daf26a8d1b-default-prod-m365chat-postload_501377e8d304da494a4f.js:1:184730
    at MutationObserver.<anonymous> (https://res.public.onecdn.static.microsoft/midgard/versionless-v2/dty-274d7ae9-e5e0-48eb-80db-f8daf26a8d1b-default-prod-m365chat-postload_501377e8d304da494a4f.js:1:185402)
[ 4408933ms] [ERROR] Failed to load resource: the server responded with a status of 415 (Unsupported Media Type) @ https://urlp.asm.skype.com/v1/url/content?url=https%3A%2F%2Fpremierinc.sharepoint.com%2Fsites%2FInsidePremier%2FSiteAssets%2F__sitelogo__Premier-Mobius-Navy-copy2.png:0
[ 4419382ms] [ERROR] Failed to load resource: the server responded with a status of 410 (Gone) @ https://urlp.asm.skype.com/v1/url/content?url=https%3A%2F%2Fpremierinc.sharepoint.com%2Fteams%2Fpremier-coeforai%2F_api%2Fgroupservice%2Fgetgroupimage%3Fid%3D%2723724991-8d8c-4235-a37e-cc6d8093aa92%27:0
[ 4419503ms] [ERROR] Failed to load resource: the server responded with a status of 410 (Gone) @ https://urlp.asm.skype.com/v1/url/content?url=https%3A%2F%2Fpremierinc.sharepoint.com%2Fteams%2Fpremier-coeforai%2F_api%2Fgroupservice%2Fgetgroupimage%3Fid%3D%2723724991-8d8c-4235-a37e-cc6d8093aa92%27:0
[ 4431088ms] [ERROR] Failed to load resource: the server responded with a status of 415 (Unsupported Media Type) @ https://urlp.asm.skype.com/v1/url/content?url=https%3A%2F%2Fpremierinc.sharepoint.com%2Fsites%2FInsidePremier%2FSiteAssets%2F__sitelogo__Premier-Mobius-Navy-copy2.png:0
[ 4432129ms] TypeError: r?.hasAttribute is not a function
    at https://res.public.onecdn.static.microsoft/midgard/versionless-v2/dty-274d7ae9-e5e0-48eb-80db-f8daf26a8d1b-default-prod-m365chat-postload_501377e8d304da494a4f.js:1:183147
    at Array.filter (<anonymous>)
    at https://res.public.onecdn.static.microsoft/midgard/versionless-v2/dty-274d7ae9-e5e0-48eb-80db-f8daf26a8d1b-default-prod-m365chat-postload_501377e8d304da494a4f.js:1:183080
    at https://res.public.onecdn.static.microsoft/midgard/versionless-v2/dty-274d7ae9-e5e0-48eb-80db-f8daf26a8d1b-default-prod-m365chat-postload_501377e8d304da494a4f.js:1:184730
    at MutationObserver.<anonymous> (https://res.public.onecdn.static.microsoft/midgard/versionless-v2/dty-274d7ae9-e5e0-48eb-80db-f8daf26a8d1b-default-prod-m365chat-postload_501377e8d304da494a4f.js:1:185402)
[10439481ms] [ERROR] Failed to load resource: the server responded with a status of 410 (Gone) @ https://urlp.asm.skype.com/v1/url/content?url=https%3A%2F%2Fpremierinc.sharepoint.com%2Fteams%2Fpremier-coeforai%2F_api%2Fgroupservice%2Fgetgroupimage%3Fid%3D%2723724991-8d8c-4235-a37e-cc6d8093aa92%27:0
[10440555ms] [ERROR] Failed to load resource: the server responded with a status of 415 (Unsupported Media Type) @ https://urlp.asm.skype.com/v1/url/content?url=https%3A%2F%2Fpremierinc.sharepoint.com%2Fsites%2FInsidePremier%2FSiteAssets%2F__sitelogo__Premier-Mobius-Navy-copy2.png:0
[10440717ms] [ERROR] Failed to load resource: the server responded with a status of 415 (Unsupported Media Type) @ https://urlp.asm.skype.com/v1/url/content?url=https%3A%2F%2Fpremierinc.sharepoint.com%2Fsites%2FInsidePremier%2FSiteAssets%2F__sitelogo__Premier-Mobius-Navy-copy2.png:0
[11060575ms] [ERROR] Failed to load resource: the server responded with a status of 410 (Gone) @ https://urlp.asm.skype.com/v1/url/content?url=https%3A%2F%2Fpremierinc.sharepoint.com%2Fteams%2Fpremier-coeforai%2F_api%2Fgroupservice%2Fgetgroupimage%3Fid%3D%2723724991-8d8c-4235-a37e-cc6d8093aa92%27:0
[11060749ms] [ERROR] Failed to load resource: the server responded with a status of 415 (Unsupported Media Type) @ https://urlp.asm.skype.com/v1/url/content?url=https%3A%2F%2Fpremierinc.sharepoint.com%2Fsites%2FInsidePremier%2FSiteAssets%2F__sitelogo__Premier-Mobius-Navy-copy2.png:0
[11060847ms] [ERROR] Failed to load resource: the server responded with a status of 415 (Unsupported Media Type) @ https://urlp.asm.skype.com/v1/url/content?url=https%3A%2F%2Fpremierinc.sharepoint.com%2Fsites%2FInsidePremier%2FSiteAssets%2F__sitelogo__Premier-Mobius-Navy-copy2.png:0
[11061833ms] [ERROR] Failed to load resource: the server responded with a status of 410 (Gone) @ https://urlp.asm.skype.com/v1/url/content?url=https%3A%2F%2Fpremierinc.sharepoint.com%2Fteams%2Fpremier-coeforai%2F_api%2Fgroupservice%2Fgetgroupimage%3Fid%3D%2723724991-8d8c-4235-a37e-cc6d8093aa92%27:0
[11061885ms] [ERROR] Failed to load resource: the server responded with a status of 415 (Unsupported Media Type) @ https://urlp.asm.skype.com/v1/url/content?url=https%3A%2F%2Fpremierinc.sharepoint.com%2Fsites%2FInsidePremier%2FSiteAssets%2F__sitelogo__Premier-Mobius-Navy-copy2.png:0
[11061937ms] [ERROR] Failed to load resource: the server responded with a status of 415 (Unsupported Media Type) @ https://urlp.asm.skype.com/v1/url/content?url=https%3A%2F%2Fpremierinc.sharepoint.com%2Fsites%2FInsidePremier%2FSiteAssets%2F__sitelogo__Premier-Mobius-Navy-copy2.png:0
[11211335ms] TypeError: r?.hasAttribute is not a function
    at https://res.public.onecdn.static.microsoft/midgard/versionless-v2/dty-274d7ae9-e5e0-48eb-80db-f8daf26a8d1b-default-prod-m365chat-postload_501377e8d304da494a4f.js:1:183147
    at Array.filter (<anonymous>)
    at https://res.public.onecdn.static.microsoft/midgard/versionless-v2/dty-274d7ae9-e5e0-48eb-80db-f8daf26a8d1b-default-prod-m365chat-postload_501377e8d304da494a4f.js:1:183080
    at https://res.public.onecdn.static.microsoft/midgard/versionless-v2/dty-274d7ae9-e5e0-48eb-80db-f8daf26a8d1b-default-prod-m365chat-postload_501377e8d304da494a4f.js:1:184730
    at MutationObserver.<anonymous> (https://res.public.onecdn.static.microsoft/midgard/versionless-v2/dty-274d7ae9-e5e0-48eb-80db-f8daf26a8d1b-default-prod-m365chat-postload_501377e8d304da494a4f.js:1:185402)
[15313615ms] [ERROR] Failed to load resource: the server responded with a status of 410 (Gone) @ https://urlp.asm.skype.com/v1/url/content?url=https%3A%2F%2Fpremierinc.sharepoint.com%2Fteams%2Fpremier-coeforai%2F_api%2Fgroupservice%2Fgetgroupimage%3Fid%3D%2723724991-8d8c-4235-a37e-cc6d8093aa92%27:0
[15314583ms] [ERROR] Failed to load resource: the server responded with a status of 415 (Unsupported Media Type) @ https://urlp.asm.skype.com/v1/url/content?url=https%3A%2F%2Fpremierinc.sharepoint.com%2Fsites%2FInsidePremier%2FSiteAssets%2F__sitelogo__Premier-Mobius-Navy-copy2.png:0
[15314712ms] [ERROR] Failed to load resource: the server responded with a status of 415 (Unsupported Media Type) @ https://urlp.asm.skype.com/v1/url/content?url=https%3A%2F%2Fpremierinc.sharepoint.com%2Fsites%2FInsidePremier%2FSiteAssets%2F__sitelogo__Premier-Mobius-Navy-copy2.png:0
[15373166ms] TypeError: r?.hasAttribute is not a function
    at https://res.public.onecdn.static.microsoft/midgard/versionless-v2/dty-274d7ae9-e5e0-48eb-80db-f8daf26a8d1b-default-prod-m365chat-postload_501377e8d304da494a4f.js:1:183147
    at Array.filter (<anonymous>)
    at https://res.public.onecdn.static.microsoft/midgard/versionless-v2/dty-274d7ae9-e5e0-48eb-80db-f8daf26a8d1b-default-prod-m365chat-postload_501377e8d304da494a4f.js:1:183080
    at https://res.public.onecdn.static.microsoft/midgard/versionless-v2/dty-274d7ae9-e5e0-48eb-80db-f8daf26a8d1b-default-prod-m365chat-postload_501377e8d304da494a4f.js:1:184730
    at MutationObserver.<anonymous> (https://res.public.onecdn.static.microsoft/midgard/versionless-v2/dty-274d7ae9-e5e0-48eb-80db-f8daf26a8d1b-default-prod-m365chat-postload_501377e8d304da494a4f.js:1:185402)
[16251043ms] [WARNING] Unexpected exception sending payload. Ex:[object DOMException]: {} @ https://res.public.onecdn.static.microsoft/midgard/versionless-v2/officestartbundles/vendors-app.9adc09015433570d.chunk.js:1
